<?xml version="1.0" encoding="UTF-8"?>
<testsuite name="com.example.demo.Lab5Java5ApplicationTests" tests="1" skipped="0" failures="0" errors="0" timestamp="2025-10-16T15:08:49.054Z" hostname="KATAKAZE" time="0.61">
  <properties/>
  <testcase name="contextLoads()" classname="com.example.demo.Lab5Java5ApplicationTests" time="0.61"/>
  <system-out><![CDATA[22:08:47.537 [Test worker] INFO org.springframework.test.context.support.AnnotationConfigContextLoaderUtils -- Could not detect default configuration classes for test class [com.example.demo.Lab5Java5ApplicationTests]: Lab5Java5ApplicationTests does not declare any static, non-private, non-final, nested classes annotated with @Configuration.
22:08:47.642 [Test worker] INFO org.springframework.boot.test.context.SpringBootTestContextBootstrapper -- Found @SpringBootConfiguration com.example.demo.Lab5Java5Application for test class com.example.demo.Lab5Java5ApplicationTests

  .   ____          _            __ _ _
 /\\ / ___'_ __ _ _(_)_ __  __ _ \ \ \ \
( ( )\___ | '_ | '_| | '_ \/ _` | \ \ \ \
 \\/  ___)| |_)| | | | | || (_| |  ) ) ) )
  '  |____| .__|_| |_|_| |_\__, | / / / /
 =========|_|==============|___/=/_/_/_/

 :: Spring Boot ::                (v3.5.3)

2025-10-16T22:08:48.011+07:00  INFO 29548 --- [lab5_java5] [    Test worker] c.e.demo.Lab5Java5ApplicationTests       : Starting Lab5Java5ApplicationTests using Java 17.0.12 with PID 29548 (started by HP in D:\SOF3022\lab5_java5)
2025-10-16T22:08:48.013+07:00  INFO 29548 --- [lab5_java5] [    Test worker] c.e.demo.Lab5Java5ApplicationTests       : No active profile set, falling back to 1 default profile: "default"
2025-10-16T22:08:49.044+07:00  INFO 29548 --- [lab5_java5] [    Test worker] c.e.demo.Lab5Java5ApplicationTests       : Started Lab5Java5ApplicationTests in 1.259 seconds (process running for 2.313)
]]></system-out>
  <system-err><![CDATA[]]></system-err>
</testsuite>
